INFO:werkzeug: * Restarting with stat
[nltk_data] Downloading package punkt to /home/codespace/nltk_data...
[nltk_data]   Package punkt is already up-to-date!
[nltk_data] Downloading package punkt to /home/codespace/nltk_data...
[nltk_data]   Package punkt is already up-to-date!
[nltk_data] Downloading package punkt_tab to
[nltk_data]     /home/codespace/nltk_data...
[nltk_data]   Package punkt_tab is already up-to-date!
NLTK resources downloaded successfully
WARNING:werkzeug: * Debugger is active!
INFO:werkzeug: * Debugger PIN: 644-685-094
INFO:werkzeug:127.0.0.1 - - [19/Apr/2025 23:33:01] "GET / HTTP/1.1" 200 -
INFO:app.routes.chat_routes:Creating new conversation handler for session: demo-session
/usr/local/python/3.12.1/lib/python3.12/site-packages/transformers/tokenization_utils_base.py:1601: FutureWarning: `clean_up_tokenization_spaces` was not set. It will be set to `True` by default. This behavior will be depracted in transformers v4.45, and will be then set to `False` by default. For more details check this issue: https://github.com/huggingface/transformers/issues/31884
  warnings.warn(
Failed to determine 'entailment' label id from the label2id mapping in the model config. Setting to -1. Define a descriptive label2id mapping in the model config to ensure correct outputs.
INFO:sentence_transformers.SentenceTransformer:Use pytorch device_name: cpu
INFO:sentence_transformers.SentenceTransformer:Load pretrained SentenceTransformer: all-MiniLM-L6-v2
WARNING:app.services.response_generator:mental_health_responses.json not found, using empty responses
No model was supplied, defaulted to distilbert/distilbert-base-uncased-finetuned-sst-2-english and revision af0f99b (https://huggingface.co/distilbert/distilbert-base-uncased-finetuned-sst-2-english).
Using a pipeline without specifying a model name and revision in production is not recommended.
INFO:sentence_transformers.SentenceTransformer:Use pytorch device_name: cpu
INFO:sentence_transformers.SentenceTransformer:Load pretrained SentenceTransformer: all-MiniLM-L6-v2
Batches: 100%|█████████████████████████████████████████████████████████| 1/1 [00:00<00:00,  1.28it/s]
Batches: 100%|█████████████████████████████████████████████████████████| 1/1 [00:00<00:00, 38.43it/s]
Batches: 100%|█████████████████████████████████████████████████████████| 1/1 [00:00<00:00, 38.66it/s]
Batches: 100%|█████████████████████████████████████████████████████████| 1/1 [00:00<00:00, 43.29it/s]
Batches: 100%|█████████████████████████████████████████████████████████| 1/1 [00:00<00:00, 35.65it/s]
Batches: 100%|█████████████████████████████████████████████████████████| 1/1 [00:00<00:00, 34.43it/s]
Batches: 100%|█████████████████████████████████████████████████████████| 1/1 [00:00<00:00, 46.04it/s]
Batches: 100%|█████████████████████████████████████████████████████████| 1/1 [00:00<00:00, 49.42it/s]
Batches: 100%|█████████████████████████████████████████████████████████| 1/1 [00:00<00:00, 36.65it/s]
Batches: 100%|█████████████████████████████████████████████████████████| 1/1 [00:00<00:00, 39.39it/s]
Batches: 100%|█████████████████████████████████████████████████████████| 1/1 [00:00<00:00, 51.04it/s]
Batches: 100%|█████████████████████████████████████████████████████████| 1/1 [00:00<00:00, 41.74it/s]
Batches: 100%|█████████████████████████████████████████████████████████| 1/1 [00:00<00:00, 48.55it/s]
Batches: 100%|█████████████████████████████████████████████████████████| 1/1 [00:00<00:00, 47.00it/s]
Batches: 100%|█████████████████████████████████████████████████████████| 1/1 [00:00<00:00, 39.65it/s]
Batches: 100%|█████████████████████████████████████████████████████████| 1/1 [00:00<00:00, 33.33it/s]
Batches: 100%|█████████████████████████████████████████████████████████| 1/1 [00:00<00:00, 41.86it/s]
Batches: 100%|█████████████████████████████████████████████████████████| 1/1 [00:00<00:00, 59.00it/s]
Batches: 100%|█████████████████████████████████████████████████████████| 1/1 [00:00<00:00, 30.21it/s]
Batches: 100%|█████████████████████████████████████████████████████████| 1/1 [00:00<00:00, 42.37it/s]
ERROR:app.services.conversation_handler:Error in conversation handler: Session.__init__() takes 2 positional arguments but 3 were given
ERROR:app.routes.chat_routes:Error in chat endpoint: cannot access local variable 'original_message' where it is not associated with a value
ERROR:app.routes.chat_routes:Traceback (most recent call last):
  File "/workspaces/ssuubi-mental-health-bot/app/services/conversation_handler.py", line 59, in generate_response
    self.create_session(session_id, user_id)
  File "/workspaces/ssuubi-mental-health-bot/app/services/conversation_handler.py", line 28, in create_session
    self.sessions[session_id] = Session(session_id, user_id)
                                ^^^^^^^^^^^^^^^^^^^^^^^^^^^^
TypeError: Session.__init__() takes 2 positional arguments but 3 were given

During handling of the above exception, another exception occurred:

Traceback (most recent call last):
  File "/workspaces/ssuubi-mental-health-bot/app/routes/chat_routes.py", line 51, in chat
    response_data = _process_message(handler, message, session_id, user_id, language)
                    ^^^^^^^^^^^^^^^^^^^^^^^^^^^^^^^^^^^^^^^^^^^^^^^^^^^^^^^^^^^^^^^^^
  File "/workspaces/ssuubi-mental-health-bot/app/routes/chat_routes.py", line 73, in _process_message
    response = handler.generate_response(message, session_id, user_id, language)
               ^^^^^^^^^^^^^^^^^^^^^^^^^^^^^^^^^^^^^^^^^^^^^^^^^^^^^^^^^^^^^^^^^
  File "/workspaces/ssuubi-mental-health-bot/app/services/conversation_handler.py", line 123, in generate_response
    self._update_session(session_id, original_message, fallback)
                                     ^^^^^^^^^^^^^^^^
UnboundLocalError: cannot access local variable 'original_message' where it is not associated with a value

INFO:werkzeug:127.0.0.1 - - [19/Apr/2025 23:33:11] "POST /api/chat HTTP/1.1" 500 -
